app/build 3/intermediates/manifest_merge_blame_file/debug/manifest-merger-blame-debug-report.txt
1<?xml version="1.0" encoding="utf-8"?>
2<manifest xmlns:android="http://schemas.android.com/apk/res/android"
3    package="id.co.lcs.pos"
4    android:versionCode="1"
5    android:versionName="1.0" >
6
7    <uses-sdk
8        android:minSdkVersion="21"
8-->src/main/AndroidManifest.xml
9        android:targetSdkVersion="30" />
9-->src/main/AndroidManifest.xml
10
11    <uses-permission android:name="android.permission.INTERNET" />
11-->src/main/AndroidManifest.xml:6:5-67
11-->src/main/AndroidManifest.xml:6:22-64
12    <uses-permission android:name="android.permission.ACCESS_NETWORK_STATE" />
12-->src/main/AndroidManifest.xml:7:5-79
12-->src/main/AndroidManifest.xml:7:22-76
13    <uses-permission android:name="android.permission.CAMERA" />
13-->src/main/AndroidManifest.xml:8:5-65
13-->src/main/AndroidManifest.xml:8:22-62
14    <uses-permission android:name="android.permission.READ_EXTERNAL_STORAGE" />
14-->src/main/AndroidManifest.xml:9:5-80
14-->src/main/AndroidManifest.xml:9:22-77
15    <uses-permission android:name="android.permission.WRITE_EXTERNAL_STORAGE" />
15-->src/main/AndroidManifest.xml:10:5-81
15-->src/main/AndroidManifest.xml:10:22-78
16
17    <application
17-->src/main/AndroidManifest.xml:12:5-40:19
18        android:allowBackup="true"
18-->src/main/AndroidManifest.xml:13:9-35
19        android:appComponentFactory="androidx.core.app.CoreComponentFactory"
19-->[androidx.core:core:1.3.1] AndroidManifest.xml:24:18-86
20        android:debuggable="true"
21        android:icon="@mipmap/ic_launcher"
21-->src/main/AndroidManifest.xml:14:9-43
22        android:label="@string/app_name"
22-->src/main/AndroidManifest.xml:15:9-41
23        android:roundIcon="@mipmap/ic_launcher_round"
23-->src/main/AndroidManifest.xml:16:9-54
24        android:supportsRtl="true"
24-->src/main/AndroidManifest.xml:17:9-35
25        android:testOnly="true"
26        android:theme="@style/AppTheme" >
26-->src/main/AndroidManifest.xml:18:9-40
27        <activity
27-->src/main/AndroidManifest.xml:19:9-22:65
28            android:name="id.co.lcs.pos.activity.PaymentActivity"
28-->src/main/AndroidManifest.xml:19:19-59
29            android:screenOrientation="landscape"
29-->src/main/AndroidManifest.xml:20:13-50
30            android:windowSoftInputMode="stateAlwaysHidden" />
30-->src/main/AndroidManifest.xml:21:13-60
31        <activity
31-->src/main/AndroidManifest.xml:23:9-26:65
32            android:name="id.co.lcs.pos.activity.MainActivity"
32-->src/main/AndroidManifest.xml:23:19-56
33            android:screenOrientation="landscape"
33-->src/main/AndroidManifest.xml:24:13-50
34            android:windowSoftInputMode="stateAlwaysHidden" />
34-->src/main/AndroidManifest.xml:25:13-60
35        <activity
35-->src/main/AndroidManifest.xml:27:9-30:61
36            android:name="id.co.lcs.pos.activity.LoginActivity"
36-->src/main/AndroidManifest.xml:27:19-57
37            android:screenOrientation="landscape"
37-->src/main/AndroidManifest.xml:28:9-46
38            android:windowSoftInputMode="stateAlwaysHidden" />
38-->src/main/AndroidManifest.xml:29:9-56
39        <activity
39-->src/main/AndroidManifest.xml:31:9-39:20
40            android:name="id.co.lcs.pos.activity.SplashActivity"
40-->src/main/AndroidManifest.xml:31:19-58
41            android:screenOrientation="landscape" >
41-->src/main/AndroidManifest.xml:32:13-50
42            <intent-filter>
42-->src/main/AndroidManifest.xml:34:13-38:29
43                <action android:name="android.intent.action.MAIN" />
43-->src/main/AndroidManifest.xml:35:17-69
43-->src/main/AndroidManifest.xml:35:25-66
44
45                <category android:name="android.intent.category.LAUNCHER" />
45-->src/main/AndroidManifest.xml:37:17-77
45-->src/main/AndroidManifest.xml:37:27-74
46            </intent-filter>
47        </activity>
48        <activity
48-->[com.nabinbhandari.android:permissions:3.8] AndroidManifest.xml:12:9-14:67
49            android:name="com.nabinbhandari.android.permissions.PermissionsActivity"
49-->[com.nabinbhandari.android:permissions:3.8] AndroidManifest.xml:13:13-85
50            android:theme="@style/Permissions.TransparentTheme" />
50-->[com.nabinbhandari.android:permissions:3.8] AndroidManifest.xml:14:13-64
51    </application>
52
53</manifest>